<?xml version="1.0" encoding="UTF-8"?>
<testng-results ignored="0" total="1" passed="1" failed="0" skipped="0">
  <reporter-output>
  </reporter-output>
  <suite started-at="2023-10-04T15:45:00 IST" name="Jenkins.TestCase" finished-at="2023-10-04T15:45:05 IST" duration-ms="5056">
    <groups>
    </groups>
    <test started-at="2023-10-04T15:45:00 IST" name="Command line test" finished-at="2023-10-04T15:45:05 IST" duration-ms="5056">
      <class name="Jenkins.TestCase">
        <test-method signature="LaunchBrowser()[pri:0, instance:Jenkins.TestCase@6f45df59]" started-at="2023-10-04T15:45:00 IST" name="LaunchBrowser" finished-at="2023-10-04T15:45:05 IST" duration-ms="5018" status="PASS">
          <reporter-output>
          </reporter-output>
        </test-method> <!-- LaunchBrowser -->
      </class> <!-- Jenkins.TestCase -->
    </test> <!-- Command line test -->
  </suite> <!-- Jenkins.TestCase -->
</testng-results>
