<?xml version="1.0" encoding="UTF-8"?>
<testng-results ignored="0" total="1" passed="1" failed="0" skipped="0">
  <reporter-output>
  </reporter-output>
  <suite started-at="2023-10-04T15:30:27 IST" name="Default suite" finished-at="2023-10-04T15:30:32 IST" duration-ms="4823">
    <groups>
    </groups>
    <test started-at="2023-10-04T15:30:27 IST" name="Default test" finished-at="2023-10-04T15:30:32 IST" duration-ms="4823">
      <class name="Jenkins.TestCase">
        <test-method signature="LaunchBrowser()[pri:0, instance:Jenkins.TestCase@3e8c3cb]" started-at="2023-10-04T15:30:27 IST" name="LaunchBrowser" finished-at="2023-10-04T15:30:32 IST" duration-ms="4778" status="PASS">
          <reporter-output>
          </reporter-output>
        </test-method> <!-- LaunchBrowser -->
      </class> <!-- Jenkins.TestCase -->
    </test> <!-- Default test -->
  </suite> <!-- Default suite -->
</testng-results>
